app/build/intermediates/manifest_merge_blame_file/debug/manifest-merger-blame-debug-report.txt
1<?xml version="1.0" encoding="utf-8"?>
2<manifest xmlns:android="http://schemas.android.com/apk/res/android"
3    package="com.example.giaohang"
4    android:versionCode="1"
5    android:versionName="2.0" >
6
7    <uses-sdk
8        android:minSdkVersion="21"
8-->src\main\AndroidManifest.xml
9        android:targetSdkVersion="30" />
9-->src\main\AndroidManifest.xml
10
11    <uses-permission android:name="android.permission.ACCESS_COARSE_LOCATION" />
11-->src\main\AndroidManifest.xml:6:5-81
11-->src\main\AndroidManifest.xml:6:22-78
12    <uses-permission android:name="android.permission.ACCESS_FINE_LOCATION" />
12-->src\main\AndroidManifest.xml:7:5-79
12-->src\main\AndroidManifest.xml:7:22-76
13    <uses-permission android:name="android.permission.ACCESS_COARSE_LOCATION" />
13-->src\main\AndroidManifest.xml:6:5-81
13-->src\main\AndroidManifest.xml:6:22-78
14    <uses-permission android:name="android.permission.ACCESS_BACKGROUND_LOCATION" />
14-->src\main\AndroidManifest.xml:9:5-85
14-->src\main\AndroidManifest.xml:9:22-82
15    <uses-permission android:name="android.permission.CALL_PHONE" />
15-->src\main\AndroidManifest.xml:10:5-69
15-->src\main\AndroidManifest.xml:10:22-66
16    <uses-permission android:name="android.permission.INTERNET" />
16-->src\main\AndroidManifest.xml:11:5-67
16-->src\main\AndroidManifest.xml:11:22-64
17    <uses-permission android:name="android.permission.READ_EXTERNAL_STORAGE" />
17-->src\main\AndroidManifest.xml:12:5-80
17-->src\main\AndroidManifest.xml:12:22-77
18    <uses-permission android:name="android.permission.VIBRATE" />
18-->src\main\AndroidManifest.xml:13:5-66
18-->src\main\AndroidManifest.xml:13:22-63
19    <uses-permission android:name="android.permission.INTERNET" />
19-->src\main\AndroidManifest.xml:11:5-67
19-->src\main\AndroidManifest.xml:11:22-64
20    <uses-permission android:name="android.permission.READ_EXTERNAL_STORAGE" />
20-->src\main\AndroidManifest.xml:12:5-80
20-->src\main\AndroidManifest.xml:12:22-77
21    <uses-permission android:name="android.permission.WRITE_EXTERNAL_STORAGE" />
21-->src\main\AndroidManifest.xml:16:5-81
21-->src\main\AndroidManifest.xml:16:22-78
22
23    <uses-feature android:name="android.hardware.location.gps" />
23-->src\main\AndroidManifest.xml:18:5-66
23-->src\main\AndroidManifest.xml:18:19-63
24
25    <uses-permission android:name="android.permission.ACCESS_NETWORK_STATE" />
25-->src\main\AndroidManifest.xml:20:5-79
25-->src\main\AndroidManifest.xml:20:22-76
26
27    <uses-feature
27-->src\main\AndroidManifest.xml:22:5-24:35
28        android:glEsVersion="0x00020000"
28-->src\main\AndroidManifest.xml:23:9-41
29        android:required="true" />
29-->src\main\AndroidManifest.xml:24:9-32
30    <uses-feature android:name="android.hardware.screen.portrait" />
30-->src\main\AndroidManifest.xml:25:5-69
30-->src\main\AndroidManifest.xml:25:19-66
31
32    <!-- Create a unique permission for your app and use it so only your app can receive your OneSignal messages. -->
33    <permission
33-->[com.onesignal:OneSignal:3.15.4] AndroidManifest.xml:7:5-9:47
34        android:name="com.example.giaohang.permission.C2D_MESSAGE"
34-->[com.onesignal:OneSignal:3.15.4] AndroidManifest.xml:8:9-63
35        android:protectionLevel="signature" />
35-->[com.onesignal:OneSignal:3.15.4] AndroidManifest.xml:9:9-44
36
37    <uses-permission android:name="com.example.giaohang.permission.C2D_MESSAGE" />
37-->[com.onesignal:OneSignal:3.15.4] AndroidManifest.xml:11:5-79
37-->[com.onesignal:OneSignal:3.15.4] AndroidManifest.xml:11:22-76
38    <uses-permission android:name="com.google.android.c2dm.permission.RECEIVE" /> <!-- Required, makes sure notifications are delivered on time. -->
38-->[com.onesignal:OneSignal:3.15.4] AndroidManifest.xml:17:5-82
38-->[com.onesignal:OneSignal:3.15.4] AndroidManifest.xml:17:22-79
39    <uses-permission android:name="android.permission.WAKE_LOCK" />
39-->[com.onesignal:OneSignal:3.15.4] AndroidManifest.xml:18:5-68
39-->[com.onesignal:OneSignal:3.15.4] AndroidManifest.xml:18:22-65
40    <!--
41 Use to restore notifications the user hasn't interacted with.
42         They could be missed notifications if the user reboots their device if this isn't in place.
43    -->
44    <uses-permission android:name="android.permission.RECEIVE_BOOT_COMPLETED" /> <!-- START: ShortcutBadger -->
44-->[com.onesignal:OneSignal:3.15.4] AndroidManifest.xml:29:5-81
44-->[com.onesignal:OneSignal:3.15.4] AndroidManifest.xml:29:22-78
45    <!-- Samsung -->
46    <uses-permission android:name="com.sec.android.provider.badge.permission.READ" />
46-->[com.onesignal:OneSignal:3.15.4] AndroidManifest.xml:31:5-86
46-->[com.onesignal:OneSignal:3.15.4] AndroidManifest.xml:31:22-83
47    <uses-permission android:name="com.sec.android.provider.badge.permission.WRITE" /> <!-- HTC -->
47-->[com.onesignal:OneSignal:3.15.4] AndroidManifest.xml:32:5-87
47-->[com.onesignal:OneSignal:3.15.4] AndroidManifest.xml:32:22-84
48    <uses-permission android:name="com.htc.launcher.permission.READ_SETTINGS" />
48-->[com.onesignal:OneSignal:3.15.4] AndroidManifest.xml:33:5-81
48-->[com.onesignal:OneSignal:3.15.4] AndroidManifest.xml:33:22-78
49    <uses-permission android:name="com.htc.launcher.permission.UPDATE_SHORTCUT" /> <!-- Sony -->
49-->[com.onesignal:OneSignal:3.15.4] AndroidManifest.xml:34:5-83
49-->[com.onesignal:OneSignal:3.15.4] AndroidManifest.xml:34:22-80
50    <uses-permission android:name="com.sonyericsson.home.permission.BROADCAST_BADGE" />
50-->[com.onesignal:OneSignal:3.15.4] AndroidManifest.xml:35:5-88
50-->[com.onesignal:OneSignal:3.15.4] AndroidManifest.xml:35:22-85
51    <uses-permission android:name="com.sonymobile.home.permission.PROVIDER_INSERT_BADGE" /> <!-- Apex -->
51-->[com.onesignal:OneSignal:3.15.4] AndroidManifest.xml:36:5-92
51-->[com.onesignal:OneSignal:3.15.4] AndroidManifest.xml:36:22-89
52    <uses-permission android:name="com.anddoes.launcher.permission.UPDATE_COUNT" /> <!-- Solid -->
52-->[com.onesignal:OneSignal:3.15.4] AndroidManifest.xml:37:5-84
52-->[com.onesignal:OneSignal:3.15.4] AndroidManifest.xml:37:22-81
53    <uses-permission android:name="com.majeur.launcher.permission.UPDATE_BADGE" /> <!-- Huawei -->
53-->[com.onesignal:OneSignal:3.15.4] AndroidManifest.xml:38:5-83
53-->[com.onesignal:OneSignal:3.15.4] AndroidManifest.xml:38:22-80
54    <uses-permission android:name="com.huawei.android.launcher.permission.CHANGE_BADGE" />
54-->[com.onesignal:OneSignal:3.15.4] AndroidManifest.xml:39:5-91
54-->[com.onesignal:OneSignal:3.15.4] AndroidManifest.xml:39:22-88
55    <uses-permission android:name="com.huawei.android.launcher.permission.READ_SETTINGS" />
55-->[com.onesignal:OneSignal:3.15.4] AndroidManifest.xml:40:5-92
55-->[com.onesignal:OneSignal:3.15.4] AndroidManifest.xml:40:22-89
56    <uses-permission android:name="com.huawei.android.launcher.permission.WRITE_SETTINGS" /> <!-- ZUK -->
56-->[com.onesignal:OneSignal:3.15.4] AndroidManifest.xml:41:5-93
56-->[com.onesignal:OneSignal:3.15.4] AndroidManifest.xml:41:22-90
57    <uses-permission android:name="android.permission.READ_APP_BADGE" /> <!-- OPPO -->
57-->[com.onesignal:OneSignal:3.15.4] AndroidManifest.xml:42:5-73
57-->[com.onesignal:OneSignal:3.15.4] AndroidManifest.xml:42:22-70
58    <uses-permission android:name="com.oppo.launcher.permission.READ_SETTINGS" />
58-->[com.onesignal:OneSignal:3.15.4] AndroidManifest.xml:43:5-82
58-->[com.onesignal:OneSignal:3.15.4] AndroidManifest.xml:43:22-79
59    <uses-permission android:name="com.oppo.launcher.permission.WRITE_SETTINGS" /> <!-- EvMe -->
59-->[com.onesignal:OneSignal:3.15.4] AndroidManifest.xml:44:5-83
59-->[com.onesignal:OneSignal:3.15.4] AndroidManifest.xml:44:22-80
60    <uses-permission android:name="me.everything.badger.permission.BADGE_COUNT_READ" />
60-->[com.onesignal:OneSignal:3.15.4] AndroidManifest.xml:45:5-88
60-->[com.onesignal:OneSignal:3.15.4] AndroidManifest.xml:45:22-85
61    <uses-permission android:name="me.everything.badger.permission.BADGE_COUNT_WRITE" />
61-->[com.onesignal:OneSignal:3.15.4] AndroidManifest.xml:46:5-89
61-->[com.onesignal:OneSignal:3.15.4] AndroidManifest.xml:46:22-86
62    <uses-permission android:name="android.permission.ACCESS_WIFI_STATE" />
62-->[com.github.rtchagas:pingplacepicker:1.1.2] AndroidManifest.xml:17:5-76
62-->[com.github.rtchagas:pingplacepicker:1.1.2] AndroidManifest.xml:17:22-73
63
64    <queries>
64-->[com.google.android.gms:play-services-maps:17.0.1] AndroidManifest.xml:30:5-34:15
65
66        <!-- Needs to be explicitly declared on Android R+ -->
67        <package android:name="com.google.android.apps.maps" />
67-->[com.google.android.gms:play-services-maps:17.0.1] AndroidManifest.xml:33:9-64
67-->[com.google.android.gms:play-services-maps:17.0.1] AndroidManifest.xml:33:18-61
68    </queries>
69
70    <uses-permission android:name="android.permission.CAMERA" />
70-->[io.card:android-sdk:5.5.1] AndroidManifest.xml:9:5-65
70-->[io.card:android-sdk:5.5.1] AndroidManifest.xml:9:22-62
71
72    <uses-feature
72-->[io.card:android-sdk:5.5.1] AndroidManifest.xml:12:5-14:36
73        android:name="android.hardware.camera"
73-->[io.card:android-sdk:5.5.1] AndroidManifest.xml:13:9-47
74        android:required="false" />
74-->[io.card:android-sdk:5.5.1] AndroidManifest.xml:14:9-33
75    <uses-feature
75-->[io.card:android-sdk:5.5.1] AndroidManifest.xml:15:5-17:36
76        android:name="android.hardware.camera.autofocus"
76-->[io.card:android-sdk:5.5.1] AndroidManifest.xml:16:9-57
77        android:required="false" />
77-->[io.card:android-sdk:5.5.1] AndroidManifest.xml:17:9-33
78
79    <application
79-->src\main\AndroidManifest.xml:27:5-124:19
80        android:appComponentFactory="androidx.core.app.CoreComponentFactory"
80-->[androidx.core:core:1.5.0] AndroidManifest.xml:24:18-86
81        android:debuggable="true"
82        android:icon="@mipmap/ic_giao_hang"
82-->src\main\AndroidManifest.xml:28:9-44
83        android:label="@string/app_name"
83-->src\main\AndroidManifest.xml:29:9-41
84        android:roundIcon="@mipmap/ic_giao_hang_round"
84-->src\main\AndroidManifest.xml:30:9-55
85        android:testOnly="true"
86        android:theme="@style/AppTheme.NoActionBar" >
86-->src\main\AndroidManifest.xml:31:9-52
87        <activity
87-->src\main\AndroidManifest.xml:33:9-35:40
88            android:name="com.example.giaohang.IncomeActivity"
88-->src\main\AndroidManifest.xml:34:13-43
89            android:exported="false" />
89-->src\main\AndroidManifest.xml:35:13-37
90        <activity
90-->src\main\AndroidManifest.xml:36:9-38:40
91            android:name="com.example.giaohang.WatchDriverActivity"
91-->src\main\AndroidManifest.xml:37:13-48
92            android:exported="false" />
92-->src\main\AndroidManifest.xml:38:13-37
93        <activity
93-->src\main\AndroidManifest.xml:39:9-41:40
94            android:name="com.example.giaohang.Chat.ChatActivity"
94-->src\main\AndroidManifest.xml:40:13-46
95            android:exported="false" />
95-->src\main\AndroidManifest.xml:41:13-37
96
97        <service
97-->src\main\AndroidManifest.xml:43:9-49:19
98            android:name="com.example.giaohang.FirebaseMessagingService"
98-->src\main\AndroidManifest.xml:44:13-53
99            android:exported="false" >
99-->src\main\AndroidManifest.xml:45:13-37
100            <intent-filter>
100-->src\main\AndroidManifest.xml:46:13-48:29
101                <action android:name="com.google.firebase.MESSAGING_EVENT" />
101-->src\main\AndroidManifest.xml:47:17-78
101-->src\main\AndroidManifest.xml:47:25-75
102            </intent-filter>
103        </service>
104
105        <activity
105-->src\main\AndroidManifest.xml:51:9-53:40
106            android:name="com.example.giaohang.History.HistoryActivity2"
106-->src\main\AndroidManifest.xml:52:13-53
107            android:exported="false" />
107-->src\main\AndroidManifest.xml:53:13-37
108        <!--
109             The API key for Google Maps-based APIs is defined as a string resource.
110             (See the file "res/values/google_maps_api.xml").
111             Note that the API key is linked to the encryption key used to sign the APK.
112             You need a different API key for each encryption key, including the release key that is used to
113             sign the APK for publishing.
114             You can define the keys for the debug and release targets in src/debug/ and src/release/.
115        -->
116        <!--
117<meta-data android:name="com.google.android.gms.version"
118            android:value="@integer/google_play_services_version" />
119        -->
120        <meta-data
120-->src\main\AndroidManifest.xml:66:9-68:71
121            android:name="com.google.android.geo.API_KEY"
121-->src\main\AndroidManifest.xml:67:13-58
122            android:value="AIzaSyA-Mfy5ts7il-BT55FYsWAs2fUqld7PD3k" />
122-->src\main\AndroidManifest.xml:68:13-68
123
124        <activity android:name="com.example.giaohang.Driver.DriverChooseTypeActivity" />
124-->src\main\AndroidManifest.xml:71:9-69
124-->src\main\AndroidManifest.xml:71:19-66
125        <!--
126  <activity android:name="com.example.giaohang.Payment.PaymentActivity" />
127        <activity android:name="com.example.giaohang.Payment.PayoutActivity" />
128        <activity android:name="com.example.giaohang.Payment.AddPaymentActivity" />
129        -->
130        <activity android:name="com.example.giaohang.Login.DetailsChooseActivity" />
130-->src\main\AndroidManifest.xml:77:9-65
130-->src\main\AndroidManifest.xml:77:19-62
131
132        <uses-library
132-->src\main\AndroidManifest.xml:79:9-81:40
133            android:name="org.apache.http.legacy"
133-->src\main\AndroidManifest.xml:80:13-50
134            android:required="false" />
134-->src\main\AndroidManifest.xml:81:13-37
135        <uses-library android:name="com.google.android.maps" />
135-->src\main\AndroidManifest.xml:82:9-64
135-->src\main\AndroidManifest.xml:82:23-61
136
137        <activity
137-->src\main\AndroidManifest.xml:84:9-93:20
138            android:name="com.example.giaohang.Login.LauncherActivity"
138-->src\main\AndroidManifest.xml:85:13-51
139            android:exported="true"
139-->src\main\AndroidManifest.xml:86:13-36
140            android:screenOrientation="portrait" >
140-->src\main\AndroidManifest.xml:87:13-49
141            <intent-filter>
141-->src\main\AndroidManifest.xml:88:13-92:29
142                <action android:name="android.intent.action.MAIN" />
142-->src\main\AndroidManifest.xml:89:17-69
142-->src\main\AndroidManifest.xml:89:25-66
143
144                <category android:name="android.intent.category.LAUNCHER" />
144-->src\main\AndroidManifest.xml:91:17-77
144-->src\main\AndroidManifest.xml:91:27-74
145            </intent-filter>
146        </activity>
147        <activity
147-->src\main\AndroidManifest.xml:94:9-96:52
148            android:name="com.example.giaohang.UsersActivity"
148-->src\main\AndroidManifest.xml:95:13-42
149            android:screenOrientation="portrait" />
149-->src\main\AndroidManifest.xml:96:13-49
150        <activity
150-->src\main\AndroidManifest.xml:97:9-99:52
151            android:name="com.example.giaohang.Login.AuthenticationActivity"
151-->src\main\AndroidManifest.xml:98:13-57
152            android:screenOrientation="portrait" />
152-->src\main\AndroidManifest.xml:99:13-49
153        <activity
153-->src\main\AndroidManifest.xml:100:9-102:52
154            android:name="com.example.giaohang.Customer.CustomerMapActivity"
154-->src\main\AndroidManifest.xml:101:13-57
155            android:screenOrientation="portrait" />
155-->src\main\AndroidManifest.xml:102:13-49
156        <activity
156-->src\main\AndroidManifest.xml:103:9-105:52
157            android:name="com.example.giaohang.Customer.CustomerSettingsRequestActivity"
157-->src\main\AndroidManifest.xml:104:13-69
158            android:screenOrientation="portrait" />
158-->src\main\AndroidManifest.xml:105:13-49
159        <activity
159-->src\main\AndroidManifest.xml:106:9-108:52
160            android:name="com.example.giaohang.Driver.DriverSettingsActivity"
160-->src\main\AndroidManifest.xml:107:13-58
161            android:screenOrientation="portrait" />
161-->src\main\AndroidManifest.xml:108:13-49
162        <activity
162-->src\main\AndroidManifest.xml:109:9-111:52
163            android:name="com.example.giaohang.History.HistoryActivity"
163-->src\main\AndroidManifest.xml:110:13-52
164            android:screenOrientation="portrait" />
164-->src\main\AndroidManifest.xml:111:13-49
165        <activity
165-->src\main\AndroidManifest.xml:112:9-114:52
166            android:name="com.example.giaohang.History.HistorySingleActivity"
166-->src\main\AndroidManifest.xml:113:13-58
167            android:screenOrientation="portrait" />
167-->src\main\AndroidManifest.xml:114:13-49
168        <activity
168-->src\main\AndroidManifest.xml:115:9-117:52
169            android:name="com.example.giaohang.History.HistorySingleActivity2"
169-->src\main\AndroidManifest.xml:116:13-59
170            android:screenOrientation="portrait" />
170-->src\main\AndroidManifest.xml:117:13-49
171        <activity
171-->src\main\AndroidManifest.xml:118:9-121:16
172            android:name="com.example.giaohang.Driver.DriverMapActivity"
172-->src\main\AndroidManifest.xml:119:13-53
173            android:screenOrientation="portrait" />
173-->src\main\AndroidManifest.xml:120:13-49
174
175        <service android:name="com.example.giaohang.onAppKilled" />
175-->src\main\AndroidManifest.xml:123:9-48
175-->src\main\AndroidManifest.xml:123:18-45
176
177        <activity
177-->[com.stripe:stripe-android:16.1.1] AndroidManifest.xml:10:9-12:57
178            android:name="com.stripe.android.view.AddPaymentMethodActivity"
178-->[com.stripe:stripe-android:16.1.1] AndroidManifest.xml:11:13-76
179            android:theme="@style/StripeDefaultTheme" />
179-->[com.stripe:stripe-android:16.1.1] AndroidManifest.xml:12:13-54
180        <activity
180-->[com.stripe:stripe-android:16.1.1] AndroidManifest.xml:13:9-15:57
181            android:name="com.stripe.android.view.PaymentMethodsActivity"
181-->[com.stripe:stripe-android:16.1.1] AndroidManifest.xml:14:13-74
182            android:theme="@style/StripeDefaultTheme" />
182-->[com.stripe:stripe-android:16.1.1] AndroidManifest.xml:15:13-54
183        <activity
183-->[com.stripe:stripe-android:16.1.1] AndroidManifest.xml:16:9-18:57
184            android:name="com.stripe.android.view.PaymentFlowActivity"
184-->[com.stripe:stripe-android:16.1.1] AndroidManifest.xml:17:13-71
185            android:theme="@style/StripeDefaultTheme" />
185-->[com.stripe:stripe-android:16.1.1] AndroidManifest.xml:18:13-54
186        <activity
186-->[com.stripe:stripe-android:16.1.1] AndroidManifest.xml:19:9-22:58
187            android:name="com.stripe.android.view.PaymentAuthWebViewActivity"
187-->[com.stripe:stripe-android:16.1.1] AndroidManifest.xml:20:13-78
188            android:theme="@style/StripeDefaultTheme"
188-->[com.stripe:stripe-android:16.1.1] AndroidManifest.xml:21:13-54
189            android:windowSoftInputMode="adjustResize" />
189-->[com.stripe:stripe-android:16.1.1] AndroidManifest.xml:22:13-55
190        <activity
190-->[com.stripe:stripe-android:16.1.1] AndroidManifest.xml:23:9-25:57
191            android:name="com.stripe.android.view.PaymentRelayActivity"
191-->[com.stripe:stripe-android:16.1.1] AndroidManifest.xml:24:13-72
192            android:theme="@style/StripeDefaultTheme" />
192-->[com.stripe:stripe-android:16.1.1] AndroidManifest.xml:25:13-54
193        <activity
193-->[com.stripe:stripe-android:16.1.1] AndroidManifest.xml:26:9-28:57
194            android:name="com.stripe.android.view.Stripe3ds2CompletionActivity"
194-->[com.stripe:stripe-android:16.1.1] AndroidManifest.xml:27:13-80
195            android:theme="@style/StripeDefaultTheme" />
195-->[com.stripe:stripe-android:16.1.1] AndroidManifest.xml:28:13-54
196        <activity
196-->[com.stripe:stripe-android:16.1.1] AndroidManifest.xml:29:9-31:69
197            android:name="com.stripe.android.paymentsheet.PaymentSheetActivity"
197-->[com.stripe:stripe-android:16.1.1] AndroidManifest.xml:30:13-80
198            android:theme="@style/StripePaymentSheetDefaultTheme" />
198-->[com.stripe:stripe-android:16.1.1] AndroidManifest.xml:31:13-66
199        <activity
199-->[com.stripe:stripe-android:16.1.1] AndroidManifest.xml:32:9-34:69
200            android:name="com.stripe.android.paymentsheet.PaymentOptionsActivity"
200-->[com.stripe:stripe-android:16.1.1] AndroidManifest.xml:33:13-82
201            android:theme="@style/StripePaymentSheetDefaultTheme" />
201-->[com.stripe:stripe-android:16.1.1] AndroidManifest.xml:34:13-66
202        <activity
202-->[com.stripe:stripe-3ds2-android:4.1.2] AndroidManifest.xml:10:9-12:54
203            android:name="com.stripe.android.stripe3ds2.views.ChallengeActivity"
203-->[com.stripe:stripe-3ds2-android:4.1.2] AndroidManifest.xml:11:13-81
204            android:theme="@style/Stripe3DS2Theme" />
204-->[com.stripe:stripe-3ds2-android:4.1.2] AndroidManifest.xml:12:13-51
205        <activity
205-->[com.stripe:stripe-3ds2-android:4.1.2] AndroidManifest.xml:13:9-15:54
206            android:name="com.stripe.android.stripe3ds2.views.ChallengeProgressActivity"
206-->[com.stripe:stripe-3ds2-android:4.1.2] AndroidManifest.xml:14:13-89
207            android:theme="@style/Stripe3DS2Theme" />
207-->[com.stripe:stripe-3ds2-android:4.1.2] AndroidManifest.xml:15:13-51
208
209        <service
209-->[com.google.firebase:firebase-inappmessaging:20.1.2] AndroidManifest.xml:14:9-20:19
210            android:name="com.google.firebase.components.ComponentDiscoveryService"
210-->[com.google.firebase:firebase-inappmessaging:20.1.2] AndroidManifest.xml:15:13-84
211            android:directBootAware="true"
211-->[com.google.firebase:firebase-common:20.1.1] AndroidManifest.xml:35:13-43
212            android:exported="false" >
212-->[com.google.firebase:firebase-inappmessaging:20.1.2] AndroidManifest.xml:16:13-37
213            <meta-data
213-->[com.google.firebase:firebase-inappmessaging:20.1.2] AndroidManifest.xml:17:13-19:85
214                android:name="com.google.firebase.components:com.google.firebase.inappmessaging.FirebaseInAppMessagingRegistrar"
214-->[com.google.firebase:firebase-inappmessaging:20.1.2] AndroidManifest.xml:18:17-129
215                android:value="com.google.firebase.components.ComponentRegistrar" />
215-->[com.google.firebase:firebase-inappmessaging:20.1.2] AndroidManifest.xml:19:17-82
216            <meta-data
216-->[com.google.firebase:firebase-auth:21.0.3] AndroidManifest.xml:67:13-69:85
217                android:name="com.google.firebase.components:com.google.firebase.auth.FirebaseAuthRegistrar"
217-->[com.google.firebase:firebase-auth:21.0.3] AndroidManifest.xml:68:17-109
218                android:value="com.google.firebase.components.ComponentRegistrar" />
218-->[com.google.firebase:firebase-auth:21.0.3] AndroidManifest.xml:69:17-82
219            <meta-data
219-->[com.google.firebase:firebase-storage:20.0.1] AndroidManifest.xml:33:13-35:85
220                android:name="com.google.firebase.components:com.google.firebase.storage.StorageRegistrar"
220-->[com.google.firebase:firebase-storage:20.0.1] AndroidManifest.xml:34:17-107
221                android:value="com.google.firebase.components.ComponentRegistrar" />
221-->[com.google.firebase:firebase-storage:20.0.1] AndroidManifest.xml:35:17-82
222            <meta-data
222-->[com.google.firebase:firebase-database:20.0.5] AndroidManifest.xml:32:13-34:85
223                android:name="com.google.firebase.components:com.google.firebase.database.DatabaseRegistrar"
223-->[com.google.firebase:firebase-database:20.0.5] AndroidManifest.xml:33:17-109
224                android:value="com.google.firebase.components.ComponentRegistrar" />
224-->[com.google.firebase:firebase-database:20.0.5] AndroidManifest.xml:34:17-82
225            <meta-data
225-->[com.google.firebase:firebase-messaging:23.0.4] AndroidManifest.xml:55:13-57:85
226                android:name="com.google.firebase.components:com.google.firebase.messaging.FirebaseMessagingRegistrar"
226-->[com.google.firebase:firebase-messaging:23.0.4] AndroidManifest.xml:56:17-119
227                android:value="com.google.firebase.components.ComponentRegistrar" />
227-->[com.google.firebase:firebase-messaging:23.0.4] AndroidManifest.xml:57:17-82
228            <meta-data
228-->[com.google.firebase:firebase-installations:17.0.1] AndroidManifest.xml:18:13-20:85
229                android:name="com.google.firebase.components:com.google.firebase.installations.FirebaseInstallationsRegistrar"
229-->[com.google.firebase:firebase-installations:17.0.1] AndroidManifest.xml:19:17-127
230                android:value="com.google.firebase.components.ComponentRegistrar" />
230-->[com.google.firebase:firebase-installations:17.0.1] AndroidManifest.xml:20:17-82
231            <meta-data
231-->[com.google.firebase:firebase-abt:21.0.1] AndroidManifest.xml:13:13-15:85
232                android:name="com.google.firebase.components:com.google.firebase.abt.component.AbtRegistrar"
232-->[com.google.firebase:firebase-abt:21.0.1] AndroidManifest.xml:14:17-109
233                android:value="com.google.firebase.components.ComponentRegistrar" />
233-->[com.google.firebase:firebase-abt:21.0.1] AndroidManifest.xml:15:17-82
234            <meta-data
234-->[com.google.firebase:firebase-datatransport:18.1.3] AndroidManifest.xml:28:13-30:85
235                android:name="com.google.firebase.components:com.google.firebase.datatransport.TransportRegistrar"
235-->[com.google.firebase:firebase-datatransport:18.1.3] AndroidManifest.xml:29:17-115
236                android:value="com.google.firebase.components.ComponentRegistrar" />
236-->[com.google.firebase:firebase-datatransport:18.1.3] AndroidManifest.xml:30:17-82
237        </service>
238
239        <meta-data
239-->[com.onesignal:OneSignal:3.15.4] AndroidManifest.xml:49:9-51:51
240            android:name="onesignal_app_id"
240-->[com.onesignal:OneSignal:3.15.4] AndroidManifest.xml:50:13-44
241            android:value="onesignal_app_id" /> <!-- Deprecated - Pulled from OneSignal dashboard. -->
241-->[com.onesignal:OneSignal:3.15.4] AndroidManifest.xml:51:13-48
242        <meta-data
242-->[com.onesignal:OneSignal:3.15.4] AndroidManifest.xml:53:9-55:70
243            android:name="onesignal_google_project_number"
243-->[com.onesignal:OneSignal:3.15.4] AndroidManifest.xml:54:13-59
244            android:value="str:REMOTE" />
244-->[com.onesignal:OneSignal:3.15.4] AndroidManifest.xml:55:13-67
245
246        <receiver
246-->[com.onesignal:OneSignal:3.15.4] AndroidManifest.xml:57:9-67:20
247            android:name="com.onesignal.GcmBroadcastReceiver"
247-->[com.onesignal:OneSignal:3.15.4] AndroidManifest.xml:58:13-62
248            android:permission="com.google.android.c2dm.permission.SEND" >
248-->[com.onesignal:OneSignal:3.15.4] AndroidManifest.xml:59:13-73
249
250            <!-- High priority so OneSignal payloads can be filtered from other GCM receivers if filterOtherGCMReceivers is enabled. -->
251            <intent-filter android:priority="999" >
251-->[com.onesignal:OneSignal:3.15.4] AndroidManifest.xml:62:13-66:29
251-->[com.onesignal:OneSignal:3.15.4] AndroidManifest.xml:62:28-50
252                <action android:name="com.google.android.c2dm.intent.RECEIVE" />
252-->[com.onesignal:OneSignal:3.15.4] AndroidManifest.xml:63:17-81
252-->[com.onesignal:OneSignal:3.15.4] AndroidManifest.xml:63:25-78
253
254                <category android:name="com.example.giaohang" />
254-->[com.onesignal:OneSignal:3.15.4] AndroidManifest.xml:65:17-61
254-->[com.onesignal:OneSignal:3.15.4] AndroidManifest.xml:65:27-58
255            </intent-filter>
256        </receiver>
257        <receiver android:name="com.onesignal.NotificationOpenedReceiver" />
257-->[com.onesignal:OneSignal:3.15.4] AndroidManifest.xml:68:9-77
257-->[com.onesignal:OneSignal:3.15.4] AndroidManifest.xml:68:19-74
258
259        <service
259-->[com.onesignal:OneSignal:3.15.4] AndroidManifest.xml:70:9-76:19
260            android:name="com.onesignal.HmsMessageServiceOneSignal"
260-->[com.onesignal:OneSignal:3.15.4] AndroidManifest.xml:71:13-68
261            android:exported="false" >
261-->[com.onesignal:OneSignal:3.15.4] AndroidManifest.xml:72:13-37
262            <intent-filter>
262-->[com.onesignal:OneSignal:3.15.4] AndroidManifest.xml:73:13-75:29
263                <action android:name="com.huawei.push.action.MESSAGING_EVENT" />
263-->[com.onesignal:OneSignal:3.15.4] AndroidManifest.xml:74:17-81
263-->[com.onesignal:OneSignal:3.15.4] AndroidManifest.xml:74:25-78
264            </intent-filter>
265        </service>
266
267        <activity
267-->[com.onesignal:OneSignal:3.15.4] AndroidManifest.xml:78:9-84:20
268            android:name="com.onesignal.NotificationOpenedActivityHMS"
268-->[com.onesignal:OneSignal:3.15.4] AndroidManifest.xml:79:13-71
269            android:theme="@android:style/Theme.Translucent.NoTitleBar" >
269-->[com.onesignal:OneSignal:3.15.4] AndroidManifest.xml:80:13-72
270            <intent-filter>
270-->[com.onesignal:OneSignal:3.15.4] AndroidManifest.xml:81:13-83:29
271                <action android:name="android.intent.action.VIEW" />
271-->[com.onesignal:OneSignal:3.15.4] AndroidManifest.xml:82:17-69
271-->[com.onesignal:OneSignal:3.15.4] AndroidManifest.xml:82:25-66
272            </intent-filter>
273        </activity>
274
275        <service android:name="com.onesignal.GcmIntentService" />
275-->[com.onesignal:OneSignal:3.15.4] AndroidManifest.xml:86:9-66
275-->[com.onesignal:OneSignal:3.15.4] AndroidManifest.xml:86:18-63
276        <service
276-->[com.onesignal:OneSignal:3.15.4] AndroidManifest.xml:87:9-89:72
277            android:name="com.onesignal.GcmIntentJobService"
277-->[com.onesignal:OneSignal:3.15.4] AndroidManifest.xml:88:13-61